running egg_info
creating ../build/motor_kontrol/motor_kontrol.egg-info
writing ../build/motor_kontrol/motor_kontrol.egg-info/PKG-INFO
writing dependency_links to ../build/motor_kontrol/motor_kontrol.egg-info/dependency_links.txt
writing entry points to ../build/motor_kontrol/motor_kontrol.egg-info/entry_points.txt
writing requirements to ../build/motor_kontrol/motor_kontrol.egg-info/requires.txt
writing top-level names to ../build/motor_kontrol/motor_kontrol.egg-info/top_level.txt
writing manifest file '../build/motor_kontrol/motor_kontrol.egg-info/SOURCES.txt'
reading manifest file '../build/motor_kontrol/motor_kontrol.egg-info/SOURCES.txt'
writing manifest file '../build/motor_kontrol/motor_kontrol.egg-info/SOURCES.txt'
running build
running build_py
creating /home/omer/GitHub/yurur_sistem/ros2_ws/build/motor_kontrol/build/lib/motor_kontrol
copying motor_kontrol/__init__.py -> /home/omer/GitHub/yurur_sistem/ros2_ws/build/motor_kontrol/build/lib/motor_kontrol
copying motor_kontrol/pub.py -> /home/omer/GitHub/yurur_sistem/ros2_ws/build/motor_kontrol/build/lib/motor_kontrol
copying motor_kontrol/keyboard_publisher.py -> /home/omer/GitHub/yurur_sistem/ros2_ws/build/motor_kontrol/build/lib/motor_kontrol
running install
running install_lib
creating /home/omer/GitHub/yurur_sistem/ros2_ws/install/motor_kontrol/lib/python3.10/site-packages/motor_kontrol
copying /home/omer/GitHub/yurur_sistem/ros2_ws/build/motor_kontrol/build/lib/motor_kontrol/__init__.py -> /home/omer/GitHub/yurur_sistem/ros2_ws/install/motor_kontrol/lib/python3.10/site-packages/motor_kontrol
copying /home/omer/GitHub/yurur_sistem/ros2_ws/build/motor_kontrol/build/lib/motor_kontrol/pub.py -> /home/omer/GitHub/yurur_sistem/ros2_ws/install/motor_kontrol/lib/python3.10/site-packages/motor_kontrol
copying /home/omer/GitHub/yurur_sistem/ros2_ws/build/motor_kontrol/build/lib/motor_kontrol/keyboard_publisher.py -> /home/omer/GitHub/yurur_sistem/ros2_ws/install/motor_kontrol/lib/python3.10/site-packages/motor_kontrol
byte-compiling /home/omer/GitHub/yurur_sistem/ros2_ws/install/motor_kontrol/lib/python3.10/site-packages/motor_kontrol/__init__.py to __init__.cpython-310.pyc
byte-compiling /home/omer/GitHub/yurur_sistem/ros2_ws/install/motor_kontrol/lib/python3.10/site-packages/motor_kontrol/pub.py to pub.cpython-310.pyc
byte-compiling /home/omer/GitHub/yurur_sistem/ros2_ws/install/motor_kontrol/lib/python3.10/site-packages/motor_kontrol/keyboard_publisher.py to keyboard_publisher.cpython-310.pyc
running install_data
creating /home/omer/GitHub/yurur_sistem/ros2_ws/install/motor_kontrol/share/ament_index/resource_index/packages
copying resource/motor_kontrol -> /home/omer/GitHub/yurur_sistem/ros2_ws/install/motor_kontrol/share/ament_index/resource_index/packages
copying package.xml -> /home/omer/GitHub/yurur_sistem/ros2_ws/install/motor_kontrol/share/motor_kontrol
running install_egg_info
Copying ../build/motor_kontrol/motor_kontrol.egg-info to /home/omer/GitHub/yurur_sistem/ros2_ws/install/motor_kontrol/lib/python3.10/site-packages/motor_kontrol-0.0.0-py3.10.egg-info
running install_scripts
Installing pub script to /home/omer/GitHub/yurur_sistem/ros2_ws/install/motor_kontrol/lib/motor_kontrol
Installing pub2 script to /home/omer/GitHub/yurur_sistem/ros2_ws/install/motor_kontrol/lib/motor_kontrol
writing list of installed files to '/home/omer/GitHub/yurur_sistem/ros2_ws/build/motor_kontrol/install.log'
