[1.688s] Invoking command in '/home/omer/GitHub/yurur_sistem/ros2_ws/motor_kontrol': PYTHONPATH=/home/omer/GitHub/yurur_sistem/ros2_ws/build/motor_kontrol/prefix_override:/usr/lib/python3/dist-packages/colcon_core/task/python/colcon_distutils_commands:/home/omer/GitHub/yurur_sistem/ros2_ws/install/motor_kontrol/lib/python3.10/site-packages:${PYTHONPATH} /usr/bin/python3 -W ignore:setup.py install is deprecated -W ignore:easy_install command is deprecated setup.py egg_info --egg-base ../build/motor_kontrol build --build-base /home/omer/GitHub/yurur_sistem/ros2_ws/build/motor_kontrol/build install --record /home/omer/GitHub/yurur_sistem/ros2_ws/build/motor_kontrol/install.log --single-version-externally-managed install_data
[2.054s] /home/omer/.local/lib/python3.10/site-packages/setuptools/_distutils/dist.py:270: UserWarning: Unknown distribution option: 'tests_require'
[2.054s]   warnings.warn(msg)
[2.377s] running egg_info
[2.415s] creating ../build/motor_kontrol/motor_kontrol.egg-info
[2.415s] writing ../build/motor_kontrol/motor_kontrol.egg-info/PKG-INFO
[2.416s] writing dependency_links to ../build/motor_kontrol/motor_kontrol.egg-info/dependency_links.txt
[2.416s] writing entry points to ../build/motor_kontrol/motor_kontrol.egg-info/entry_points.txt
[2.417s] writing requirements to ../build/motor_kontrol/motor_kontrol.egg-info/requires.txt
[2.417s] writing top-level names to ../build/motor_kontrol/motor_kontrol.egg-info/top_level.txt
[2.417s] writing manifest file '../build/motor_kontrol/motor_kontrol.egg-info/SOURCES.txt'
[2.503s] reading manifest file '../build/motor_kontrol/motor_kontrol.egg-info/SOURCES.txt'
[2.505s] writing manifest file '../build/motor_kontrol/motor_kontrol.egg-info/SOURCES.txt'
[2.505s] running build
[2.505s] running build_py
[2.506s] creating /home/omer/GitHub/yurur_sistem/ros2_ws/build/motor_kontrol/build/lib/motor_kontrol
[2.506s] copying motor_kontrol/__init__.py -> /home/omer/GitHub/yurur_sistem/ros2_ws/build/motor_kontrol/build/lib/motor_kontrol
[2.506s] copying motor_kontrol/pub.py -> /home/omer/GitHub/yurur_sistem/ros2_ws/build/motor_kontrol/build/lib/motor_kontrol
[2.507s] copying motor_kontrol/keyboard_publisher.py -> /home/omer/GitHub/yurur_sistem/ros2_ws/build/motor_kontrol/build/lib/motor_kontrol
[2.507s] running install
[2.515s] running install_lib
[2.558s] creating /home/omer/GitHub/yurur_sistem/ros2_ws/install/motor_kontrol/lib/python3.10/site-packages/motor_kontrol
[2.558s] copying /home/omer/GitHub/yurur_sistem/ros2_ws/build/motor_kontrol/build/lib/motor_kontrol/__init__.py -> /home/omer/GitHub/yurur_sistem/ros2_ws/install/motor_kontrol/lib/python3.10/site-packages/motor_kontrol
[2.559s] copying /home/omer/GitHub/yurur_sistem/ros2_ws/build/motor_kontrol/build/lib/motor_kontrol/pub.py -> /home/omer/GitHub/yurur_sistem/ros2_ws/install/motor_kontrol/lib/python3.10/site-packages/motor_kontrol
[2.559s] copying /home/omer/GitHub/yurur_sistem/ros2_ws/build/motor_kontrol/build/lib/motor_kontrol/keyboard_publisher.py -> /home/omer/GitHub/yurur_sistem/ros2_ws/install/motor_kontrol/lib/python3.10/site-packages/motor_kontrol
[2.561s] byte-compiling /home/omer/GitHub/yurur_sistem/ros2_ws/install/motor_kontrol/lib/python3.10/site-packages/motor_kontrol/__init__.py to __init__.cpython-310.pyc
[2.561s] byte-compiling /home/omer/GitHub/yurur_sistem/ros2_ws/install/motor_kontrol/lib/python3.10/site-packages/motor_kontrol/pub.py to pub.cpython-310.pyc
[2.563s] byte-compiling /home/omer/GitHub/yurur_sistem/ros2_ws/install/motor_kontrol/lib/python3.10/site-packages/motor_kontrol/keyboard_publisher.py to keyboard_publisher.cpython-310.pyc
[2.564s] running install_data
[2.564s] creating /home/omer/GitHub/yurur_sistem/ros2_ws/install/motor_kontrol/share/ament_index/resource_index/packages
[2.565s] copying resource/motor_kontrol -> /home/omer/GitHub/yurur_sistem/ros2_ws/install/motor_kontrol/share/ament_index/resource_index/packages
[2.565s] copying package.xml -> /home/omer/GitHub/yurur_sistem/ros2_ws/install/motor_kontrol/share/motor_kontrol
[2.565s] running install_egg_info
[2.611s] Copying ../build/motor_kontrol/motor_kontrol.egg-info to /home/omer/GitHub/yurur_sistem/ros2_ws/install/motor_kontrol/lib/python3.10/site-packages/motor_kontrol-0.0.0-py3.10.egg-info
[2.612s] running install_scripts
[2.910s] Installing pub script to /home/omer/GitHub/yurur_sistem/ros2_ws/install/motor_kontrol/lib/motor_kontrol
[2.910s] Installing pub2 script to /home/omer/GitHub/yurur_sistem/ros2_ws/install/motor_kontrol/lib/motor_kontrol
[2.910s] writing list of installed files to '/home/omer/GitHub/yurur_sistem/ros2_ws/build/motor_kontrol/install.log'
[2.945s] Invoked command in '/home/omer/GitHub/yurur_sistem/ros2_ws/motor_kontrol' returned '0': PYTHONPATH=/home/omer/GitHub/yurur_sistem/ros2_ws/build/motor_kontrol/prefix_override:/usr/lib/python3/dist-packages/colcon_core/task/python/colcon_distutils_commands:/home/omer/GitHub/yurur_sistem/ros2_ws/install/motor_kontrol/lib/python3.10/site-packages:${PYTHONPATH} /usr/bin/python3 -W ignore:setup.py install is deprecated -W ignore:easy_install command is deprecated setup.py egg_info --egg-base ../build/motor_kontrol build --build-base /home/omer/GitHub/yurur_sistem/ros2_ws/build/motor_kontrol/build install --record /home/omer/GitHub/yurur_sistem/ros2_ws/build/motor_kontrol/install.log --single-version-externally-managed install_data
