[0.175s] DEBUG:colcon:Command line arguments: ['/usr/bin/colcon', 'build']
[0.175s] DEBUG:colcon:Parsed command line arguments: Namespace(log_base=None, log_level=None, verb_name='build', build_base='build', install_base='install', merge_install=False, symlink_install=False, test_result_base=None, continue_on_error=False, executor='parallel', parallel_workers=8, event_handlers=None, ignore_user_meta=False, metas=['./colcon.meta'], base_paths=['.'], packages_ignore=None, packages_ignore_regex=None, paths=None, packages_up_to=None, packages_up_to_regex=None, packages_above=None, packages_above_and_dependencies=None, packages_above_depth=None, packages_select_by_dep=None, packages_skip_by_dep=None, packages_skip_up_to=None, packages_select_build_failed=False, packages_skip_build_finished=False, packages_select_test_failures=False, packages_skip_test_passed=False, packages_select=None, packages_skip=None, packages_select_regex=None, packages_skip_regex=None, packages_start=None, packages_end=None, allow_overriding=[], cmake_args=None, cmake_target=None, cmake_target_skip_unavailable=False, cmake_clean_cache=False, cmake_clean_first=False, cmake_force_configure=False, ament_cmake_args=None, catkin_cmake_args=None, catkin_skip_building_tests=False, mixin_files=None, mixin=None, verb_parser=<colcon_mixin.mixin.mixin_argument.MixinArgumentDecorator object at 0x768cf88bcb80>, verb_extension=<colcon_core.verb.build.BuildVerb object at 0x768cf89ba080>, main=<bound method BuildVerb.main of <colcon_core.verb.build.BuildVerb object at 0x768cf89ba080>>, mixin_verb=('build',))
[0.239s] Level 1:colcon.colcon_core.package_discovery:discover_packages(colcon_meta) check parameters
[0.239s] Level 1:colcon.colcon_core.package_discovery:discover_packages(recursive) check parameters
[0.239s] Level 1:colcon.colcon_core.package_discovery:discover_packages(ignore) check parameters
[0.239s] Level 1:colcon.colcon_core.package_discovery:discover_packages(path) check parameters
[0.239s] Level 1:colcon.colcon_core.package_discovery:discover_packages(colcon_meta) discover
[0.240s] Level 1:colcon.colcon_core.package_discovery:discover_packages(recursive) discover
[0.240s] INFO:colcon.colcon_core.package_discovery:Crawling recursively for packages in '/home/omer/GitHub/yurur_sistem/ros2_ws'
[0.240s] Level 1:colcon.colcon_core.package_identification:_identify(.) by extensions ['ignore', 'ignore_ament_install']
[0.240s] Level 1:colcon.colcon_core.package_identification:_identify(.) by extension 'ignore'
[0.240s] Level 1:colcon.colcon_core.package_identification:_identify(.) by extension 'ignore_ament_install'
[0.240s] Level 1:colcon.colcon_core.package_identification:_identify(.) by extensions ['colcon_pkg']
[0.240s] Level 1:colcon.colcon_core.package_identification:_identify(.) by extension 'colcon_pkg'
[0.240s] Level 1:colcon.colcon_core.package_identification:_identify(.) by extensions ['colcon_meta']
[0.240s] Level 1:colcon.colcon_core.package_identification:_identify(.) by extension 'colcon_meta'
[0.240s] Level 1:colcon.colcon_core.package_identification:_identify(.) by extensions ['ros']
[0.240s] Level 1:colcon.colcon_core.package_identification:_identify(.) by extension 'ros'
[0.259s] Level 1:colcon.colcon_core.package_identification:_identify(.) by extensions ['cmake', 'python']
[0.259s] Level 1:colcon.colcon_core.package_identification:_identify(.) by extension 'cmake'
[0.259s] Level 1:colcon.colcon_core.package_identification:_identify(.) by extension 'python'
[0.259s] Level 1:colcon.colcon_core.package_identification:_identify(.) by extensions ['python_setup_py']
[0.259s] Level 1:colcon.colcon_core.package_identification:_identify(.) by extension 'python_setup_py'
[0.259s] Level 1:colcon.colcon_core.package_identification:_identify(build) by extensions ['ignore', 'ignore_ament_install']
[0.259s] Level 1:colcon.colcon_core.package_identification:_identify(build) by extension 'ignore'
[0.260s] Level 1:colcon.colcon_core.package_identification:_identify(build) ignored
[0.260s] Level 1:colcon.colcon_core.package_identification:_identify(install) by extensions ['ignore', 'ignore_ament_install']
[0.260s] Level 1:colcon.colcon_core.package_identification:_identify(install) by extension 'ignore'
[0.260s] Level 1:colcon.colcon_core.package_identification:_identify(install) ignored
[0.260s] Level 1:colcon.colcon_core.package_identification:_identify(log) by extensions ['ignore', 'ignore_ament_install']
[0.260s] Level 1:colcon.colcon_core.package_identification:_identify(log) by extension 'ignore'
[0.260s] Level 1:colcon.colcon_core.package_identification:_identify(log) ignored
[0.260s] Level 1:colcon.colcon_core.package_identification:_identify(motor_kontrol) by extensions ['ignore', 'ignore_ament_install']
[0.260s] Level 1:colcon.colcon_core.package_identification:_identify(motor_kontrol) by extension 'ignore'
[0.260s] Level 1:colcon.colcon_core.package_identification:_identify(motor_kontrol) by extension 'ignore_ament_install'
[0.260s] Level 1:colcon.colcon_core.package_identification:_identify(motor_kontrol) by extensions ['colcon_pkg']
[0.261s] Level 1:colcon.colcon_core.package_identification:_identify(motor_kontrol) by extension 'colcon_pkg'
[0.261s] Level 1:colcon.colcon_core.package_identification:_identify(motor_kontrol) by extensions ['colcon_meta']
[0.261s] Level 1:colcon.colcon_core.package_identification:_identify(motor_kontrol) by extension 'colcon_meta'
[0.261s] Level 1:colcon.colcon_core.package_identification:_identify(motor_kontrol) by extensions ['ros']
[0.261s] Level 1:colcon.colcon_core.package_identification:_identify(motor_kontrol) by extension 'ros'
[0.263s] DEBUG:colcon.colcon_core.package_identification:Package 'motor_kontrol' with type 'ros.ament_python' and name 'motor_kontrol'
[0.263s] Level 1:colcon.colcon_core.package_identification:_identify(rover_msgs) by extensions ['ignore', 'ignore_ament_install']
[0.264s] Level 1:colcon.colcon_core.package_identification:_identify(rover_msgs) by extension 'ignore'
[0.264s] Level 1:colcon.colcon_core.package_identification:_identify(rover_msgs) by extension 'ignore_ament_install'
[0.264s] Level 1:colcon.colcon_core.package_identification:_identify(rover_msgs) by extensions ['colcon_pkg']
[0.264s] Level 1:colcon.colcon_core.package_identification:_identify(rover_msgs) by extension 'colcon_pkg'
[0.264s] Level 1:colcon.colcon_core.package_identification:_identify(rover_msgs) by extensions ['colcon_meta']
[0.264s] Level 1:colcon.colcon_core.package_identification:_identify(rover_msgs) by extension 'colcon_meta'
[0.264s] Level 1:colcon.colcon_core.package_identification:_identify(rover_msgs) by extensions ['ros']
[0.264s] Level 1:colcon.colcon_core.package_identification:_identify(rover_msgs) by extension 'ros'
[0.265s] DEBUG:colcon.colcon_core.package_identification:Package 'rover_msgs' with type 'ros.ament_cmake' and name 'rover_msgs'
[0.265s] Level 1:colcon.colcon_core.package_identification:_identify(src) by extensions ['ignore', 'ignore_ament_install']
[0.265s] Level 1:colcon.colcon_core.package_identification:_identify(src) by extension 'ignore'
[0.265s] Level 1:colcon.colcon_core.package_identification:_identify(src) by extension 'ignore_ament_install'
[0.265s] Level 1:colcon.colcon_core.package_identification:_identify(src) by extensions ['colcon_pkg']
[0.265s] Level 1:colcon.colcon_core.package_identification:_identify(src) by extension 'colcon_pkg'
[0.265s] Level 1:colcon.colcon_core.package_identification:_identify(src) by extensions ['colcon_meta']
[0.265s] Level 1:colcon.colcon_core.package_identification:_identify(src) by extension 'colcon_meta'
[0.265s] Level 1:colcon.colcon_core.package_identification:_identify(src) by extensions ['ros']
[0.265s] Level 1:colcon.colcon_core.package_identification:_identify(src) by extension 'ros'
[0.265s] Level 1:colcon.colcon_core.package_identification:_identify(src) by extensions ['cmake', 'python']
[0.265s] Level 1:colcon.colcon_core.package_identification:_identify(src) by extension 'cmake'
[0.266s] Level 1:colcon.colcon_core.package_identification:_identify(src) by extension 'python'
[0.266s] Level 1:colcon.colcon_core.package_identification:_identify(src) by extensions ['python_setup_py']
[0.266s] Level 1:colcon.colcon_core.package_identification:_identify(src) by extension 'python_setup_py'
[0.266s] Level 1:colcon.colcon_core.package_discovery:discover_packages(recursive) using defaults
[0.266s] Level 1:colcon.colcon_core.package_discovery:discover_packages(ignore) discover
[0.266s] Level 1:colcon.colcon_core.package_discovery:discover_packages(ignore) using defaults
[0.266s] Level 1:colcon.colcon_core.package_discovery:discover_packages(path) discover
[0.266s] Level 1:colcon.colcon_core.package_discovery:discover_packages(path) using defaults
[0.308s] Level 1:colcon.colcon_core.package_discovery:discover_packages(prefix_path) check parameters
[0.308s] Level 1:colcon.colcon_core.package_discovery:discover_packages(prefix_path) discover
[0.313s] DEBUG:colcon.colcon_installed_package_information.package_discovery:Found 4 installed packages in /home/omer/ros2_ws/install
[0.315s] DEBUG:colcon.colcon_installed_package_information.package_discovery:Found 39 installed packages in /home/omer/microros_ws/install
[0.317s] DEBUG:colcon.colcon_installed_package_information.package_discovery:Found 332 installed packages in /opt/ros/humble
[0.320s] Level 1:colcon.colcon_core.package_discovery:discover_packages(prefix_path) using defaults
[0.380s] Level 5:colcon.colcon_core.verb:set package 'motor_kontrol' build argument 'cmake_args' from command line to 'None'
[0.380s] Level 5:colcon.colcon_core.verb:set package 'motor_kontrol' build argument 'cmake_target' from command line to 'None'
[0.380s] Level 5:colcon.colcon_core.verb:set package 'motor_kontrol' build argument 'cmake_target_skip_unavailable' from command line to 'False'
[0.380s] Level 5:colcon.colcon_core.verb:set package 'motor_kontrol' build argument 'cmake_clean_cache' from command line to 'False'
[0.380s] Level 5:colcon.colcon_core.verb:set package 'motor_kontrol' build argument 'cmake_clean_first' from command line to 'False'
[0.380s] Level 5:colcon.colcon_core.verb:set package 'motor_kontrol' build argument 'cmake_force_configure' from command line to 'False'
[0.380s] Level 5:colcon.colcon_core.verb:set package 'motor_kontrol' build argument 'ament_cmake_args' from command line to 'None'
[0.380s] Level 5:colcon.colcon_core.verb:set package 'motor_kontrol' build argument 'catkin_cmake_args' from command line to 'None'
[0.380s] Level 5:colcon.colcon_core.verb:set package 'motor_kontrol' build argument 'catkin_skip_building_tests' from command line to 'False'
[0.380s] DEBUG:colcon.colcon_core.verb:Building package 'motor_kontrol' with the following arguments: {'ament_cmake_args': None, 'build_base': '/home/omer/GitHub/yurur_sistem/ros2_ws/build/motor_kontrol', 'catkin_cmake_args': None, 'catkin_skip_building_tests': False, 'cmake_args': None, 'cmake_clean_cache': False, 'cmake_clean_first': False, 'cmake_force_configure': False, 'cmake_target': None, 'cmake_target_skip_unavailable': False, 'install_base': '/home/omer/GitHub/yurur_sistem/ros2_ws/install/motor_kontrol', 'merge_install': False, 'path': '/home/omer/GitHub/yurur_sistem/ros2_ws/motor_kontrol', 'symlink_install': False, 'test_result_base': None}
[0.380s] Level 5:colcon.colcon_core.verb:set package 'rover_msgs' build argument 'cmake_args' from command line to 'None'
[0.381s] Level 5:colcon.colcon_core.verb:set package 'rover_msgs' build argument 'cmake_target' from command line to 'None'
[0.381s] Level 5:colcon.colcon_core.verb:set package 'rover_msgs' build argument 'cmake_target_skip_unavailable' from command line to 'False'
[0.381s] Level 5:colcon.colcon_core.verb:set package 'rover_msgs' build argument 'cmake_clean_cache' from command line to 'False'
[0.381s] Level 5:colcon.colcon_core.verb:set package 'rover_msgs' build argument 'cmake_clean_first' from command line to 'False'
[0.381s] Level 5:colcon.colcon_core.verb:set package 'rover_msgs' build argument 'cmake_force_configure' from command line to 'False'
[0.381s] Level 5:colcon.colcon_core.verb:set package 'rover_msgs' build argument 'ament_cmake_args' from command line to 'None'
[0.381s] Level 5:colcon.colcon_core.verb:set package 'rover_msgs' build argument 'catkin_cmake_args' from command line to 'None'
[0.381s] Level 5:colcon.colcon_core.verb:set package 'rover_msgs' build argument 'catkin_skip_building_tests' from command line to 'False'
[0.381s] DEBUG:colcon.colcon_core.verb:Building package 'rover_msgs' with the following arguments: {'ament_cmake_args': None, 'build_base': '/home/omer/GitHub/yurur_sistem/ros2_ws/build/rover_msgs', 'catkin_cmake_args': None, 'catkin_skip_building_tests': False, 'cmake_args': None, 'cmake_clean_cache': False, 'cmake_clean_first': False, 'cmake_force_configure': False, 'cmake_target': None, 'cmake_target_skip_unavailable': False, 'install_base': '/home/omer/GitHub/yurur_sistem/ros2_ws/install/rover_msgs', 'merge_install': False, 'path': '/home/omer/GitHub/yurur_sistem/ros2_ws/rover_msgs', 'symlink_install': False, 'test_result_base': None}
[0.381s] INFO:colcon.colcon_core.executor:Executing jobs using 'parallel' executor
[0.383s] DEBUG:colcon.colcon_parallel_executor.executor.parallel:run_until_complete
[0.383s] INFO:colcon.colcon_ros.task.ament_python.build:Building ROS package in '/home/omer/GitHub/yurur_sistem/ros2_ws/motor_kontrol' with build type 'ament_python'
[0.383s] Level 1:colcon.colcon_core.shell:create_environment_hook('motor_kontrol', 'ament_prefix_path')
[0.387s] INFO:colcon.colcon_core.plugin_system:Skipping extension 'colcon_core.shell.bat': Not used on non-Windows systems
[0.387s] INFO:colcon.colcon_core.shell:Creating environment hook '/home/omer/GitHub/yurur_sistem/ros2_ws/install/motor_kontrol/share/motor_kontrol/hook/ament_prefix_path.ps1'
[0.388s] INFO:colcon.colcon_core.shell:Creating environment descriptor '/home/omer/GitHub/yurur_sistem/ros2_ws/install/motor_kontrol/share/motor_kontrol/hook/ament_prefix_path.dsv'
[0.388s] INFO:colcon.colcon_core.shell:Creating environment hook '/home/omer/GitHub/yurur_sistem/ros2_ws/install/motor_kontrol/share/motor_kontrol/hook/ament_prefix_path.sh'
[0.389s] INFO:colcon.colcon_core.shell:Skip shell extension 'powershell' for command environment: Not usable outside of PowerShell
[0.389s] DEBUG:colcon.colcon_core.shell:Skip shell extension 'dsv' for command environment
[0.399s] INFO:colcon.colcon_ros.task.ament_cmake.build:Building ROS package in '/home/omer/GitHub/yurur_sistem/ros2_ws/rover_msgs' with build type 'ament_cmake'
[0.399s] INFO:colcon.colcon_cmake.task.cmake.build:Building CMake package in '/home/omer/GitHub/yurur_sistem/ros2_ws/rover_msgs'
[0.400s] INFO:colcon.colcon_core.shell:Skip shell extension 'powershell' for command environment: Not usable outside of PowerShell
[0.400s] DEBUG:colcon.colcon_core.shell:Skip shell extension 'dsv' for command environment
[0.765s] INFO:colcon.colcon_core.task.python.build:Building Python package in '/home/omer/GitHub/yurur_sistem/ros2_ws/motor_kontrol'
[0.766s] INFO:colcon.colcon_core.shell:Skip shell extension 'powershell' for command environment: Not usable outside of PowerShell
[0.766s] DEBUG:colcon.colcon_core.shell:Skip shell extension 'dsv' for command environment
[0.781s] DEBUG:colcon.colcon_core.event_handler.log_command:Invoking command in '/home/omer/GitHub/yurur_sistem/ros2_ws/build/rover_msgs': CMAKE_PREFIX_PATH=${CMAKE_PREFIX_PATH}:/home/omer/ros2_ws/install/motor_kontrol:/home/omer/ros2_ws/install/camera:/home/omer/ros2_ws/install/SLAM:/home/omer/microros_ws/install/sensor_msgs_py:/opt/ros/humble /usr/bin/cmake /home/omer/GitHub/yurur_sistem/ros2_ws/rover_msgs -DCMAKE_INSTALL_PREFIX=/home/omer/GitHub/yurur_sistem/ros2_ws/install/rover_msgs
[2.072s] DEBUG:colcon.colcon_core.event_handler.log_command:Invoking command in '/home/omer/GitHub/yurur_sistem/ros2_ws/motor_kontrol': PYTHONPATH=/home/omer/GitHub/yurur_sistem/ros2_ws/build/motor_kontrol/prefix_override:/usr/lib/python3/dist-packages/colcon_core/task/python/colcon_distutils_commands:/home/omer/GitHub/yurur_sistem/ros2_ws/install/motor_kontrol/lib/python3.10/site-packages:${PYTHONPATH} /usr/bin/python3 -W ignore:setup.py install is deprecated -W ignore:easy_install command is deprecated setup.py egg_info --egg-base ../build/motor_kontrol build --build-base /home/omer/GitHub/yurur_sistem/ros2_ws/build/motor_kontrol/build install --record /home/omer/GitHub/yurur_sistem/ros2_ws/build/motor_kontrol/install.log --single-version-externally-managed install_data
[3.329s] DEBUG:colcon.colcon_core.event_handler.log_command:Invoked command in '/home/omer/GitHub/yurur_sistem/ros2_ws/motor_kontrol' returned '0': PYTHONPATH=/home/omer/GitHub/yurur_sistem/ros2_ws/build/motor_kontrol/prefix_override:/usr/lib/python3/dist-packages/colcon_core/task/python/colcon_distutils_commands:/home/omer/GitHub/yurur_sistem/ros2_ws/install/motor_kontrol/lib/python3.10/site-packages:${PYTHONPATH} /usr/bin/python3 -W ignore:setup.py install is deprecated -W ignore:easy_install command is deprecated setup.py egg_info --egg-base ../build/motor_kontrol build --build-base /home/omer/GitHub/yurur_sistem/ros2_ws/build/motor_kontrol/build install --record /home/omer/GitHub/yurur_sistem/ros2_ws/build/motor_kontrol/install.log --single-version-externally-managed install_data
[3.333s] Level 1:colcon.colcon_core.environment:checking '/home/omer/GitHub/yurur_sistem/ros2_ws/install/motor_kontrol' for CMake module files
[3.334s] Level 1:colcon.colcon_core.environment:checking '/home/omer/GitHub/yurur_sistem/ros2_ws/install/motor_kontrol' for CMake config files
[3.334s] Level 1:colcon.colcon_core.environment:checking '/home/omer/GitHub/yurur_sistem/ros2_ws/install/motor_kontrol/lib'
[3.335s] Level 1:colcon.colcon_core.environment:checking '/home/omer/GitHub/yurur_sistem/ros2_ws/install/motor_kontrol/bin'
[3.335s] Level 1:colcon.colcon_core.environment:checking '/home/omer/GitHub/yurur_sistem/ros2_ws/install/motor_kontrol/lib/pkgconfig/motor_kontrol.pc'
[3.335s] Level 1:colcon.colcon_core.environment:checking '/home/omer/GitHub/yurur_sistem/ros2_ws/install/motor_kontrol/lib/python3.10/site-packages'
[3.335s] Level 1:colcon.colcon_core.shell:create_environment_hook('motor_kontrol', 'pythonpath')
[3.335s] INFO:colcon.colcon_core.shell:Creating environment hook '/home/omer/GitHub/yurur_sistem/ros2_ws/install/motor_kontrol/share/motor_kontrol/hook/pythonpath.ps1'
[3.336s] INFO:colcon.colcon_core.shell:Creating environment descriptor '/home/omer/GitHub/yurur_sistem/ros2_ws/install/motor_kontrol/share/motor_kontrol/hook/pythonpath.dsv'
[3.336s] INFO:colcon.colcon_core.shell:Creating environment hook '/home/omer/GitHub/yurur_sistem/ros2_ws/install/motor_kontrol/share/motor_kontrol/hook/pythonpath.sh'
[3.337s] Level 1:colcon.colcon_core.environment:checking '/home/omer/GitHub/yurur_sistem/ros2_ws/install/motor_kontrol/bin'
[3.337s] Level 1:colcon.colcon_core.environment:create_environment_scripts_only(motor_kontrol)
[3.338s] INFO:colcon.colcon_core.shell:Creating package script '/home/omer/GitHub/yurur_sistem/ros2_ws/install/motor_kontrol/share/motor_kontrol/package.ps1'
[3.339s] INFO:colcon.colcon_core.shell:Creating package descriptor '/home/omer/GitHub/yurur_sistem/ros2_ws/install/motor_kontrol/share/motor_kontrol/package.dsv'
[3.340s] INFO:colcon.colcon_core.shell:Creating package script '/home/omer/GitHub/yurur_sistem/ros2_ws/install/motor_kontrol/share/motor_kontrol/package.sh'
[3.341s] INFO:colcon.colcon_core.shell:Creating package script '/home/omer/GitHub/yurur_sistem/ros2_ws/install/motor_kontrol/share/motor_kontrol/package.bash'
[3.341s] INFO:colcon.colcon_core.shell:Creating package script '/home/omer/GitHub/yurur_sistem/ros2_ws/install/motor_kontrol/share/motor_kontrol/package.zsh'
[3.342s] Level 1:colcon.colcon_core.environment:create_file_with_runtime_dependencies(/home/omer/GitHub/yurur_sistem/ros2_ws/install/motor_kontrol/share/colcon-core/packages/motor_kontrol)
[5.392s] DEBUG:colcon.colcon_core.event_handler.log_command:Invoked command in '/home/omer/GitHub/yurur_sistem/ros2_ws/build/rover_msgs' returned '0': CMAKE_PREFIX_PATH=${CMAKE_PREFIX_PATH}:/home/omer/ros2_ws/install/motor_kontrol:/home/omer/ros2_ws/install/camera:/home/omer/ros2_ws/install/SLAM:/home/omer/microros_ws/install/sensor_msgs_py:/opt/ros/humble /usr/bin/cmake /home/omer/GitHub/yurur_sistem/ros2_ws/rover_msgs -DCMAKE_INSTALL_PREFIX=/home/omer/GitHub/yurur_sistem/ros2_ws/install/rover_msgs
[5.395s] DEBUG:colcon.colcon_core.event_handler.log_command:Invoking command in '/home/omer/GitHub/yurur_sistem/ros2_ws/build/rover_msgs': CMAKE_PREFIX_PATH=${CMAKE_PREFIX_PATH}:/home/omer/ros2_ws/install/motor_kontrol:/home/omer/ros2_ws/install/camera:/home/omer/ros2_ws/install/SLAM:/home/omer/microros_ws/install/sensor_msgs_py:/opt/ros/humble /usr/bin/cmake --build /home/omer/GitHub/yurur_sistem/ros2_ws/build/rover_msgs -- -j8 -l8
[9.508s] DEBUG:colcon.colcon_core.event_handler.log_command:Invoked command in '/home/omer/GitHub/yurur_sistem/ros2_ws/build/rover_msgs' returned '0': CMAKE_PREFIX_PATH=${CMAKE_PREFIX_PATH}:/home/omer/ros2_ws/install/motor_kontrol:/home/omer/ros2_ws/install/camera:/home/omer/ros2_ws/install/SLAM:/home/omer/microros_ws/install/sensor_msgs_py:/opt/ros/humble /usr/bin/cmake --build /home/omer/GitHub/yurur_sistem/ros2_ws/build/rover_msgs -- -j8 -l8
[9.526s] DEBUG:colcon.colcon_core.event_handler.log_command:Invoking command in '/home/omer/GitHub/yurur_sistem/ros2_ws/build/rover_msgs': CMAKE_PREFIX_PATH=${CMAKE_PREFIX_PATH}:/home/omer/ros2_ws/install/motor_kontrol:/home/omer/ros2_ws/install/camera:/home/omer/ros2_ws/install/SLAM:/home/omer/microros_ws/install/sensor_msgs_py:/opt/ros/humble /usr/bin/cmake --install /home/omer/GitHub/yurur_sistem/ros2_ws/build/rover_msgs
[9.698s] Level 1:colcon.colcon_core.environment:create_environment_scripts_only(rover_msgs)
[9.698s] Level 1:colcon.colcon_core.environment:checking '/home/omer/GitHub/yurur_sistem/ros2_ws/install/rover_msgs' for CMake module files
[9.699s] DEBUG:colcon.colcon_core.event_handler.log_command:Invoked command in '/home/omer/GitHub/yurur_sistem/ros2_ws/build/rover_msgs' returned '0': CMAKE_PREFIX_PATH=${CMAKE_PREFIX_PATH}:/home/omer/ros2_ws/install/motor_kontrol:/home/omer/ros2_ws/install/camera:/home/omer/ros2_ws/install/SLAM:/home/omer/microros_ws/install/sensor_msgs_py:/opt/ros/humble /usr/bin/cmake --install /home/omer/GitHub/yurur_sistem/ros2_ws/build/rover_msgs
[9.700s] Level 1:colcon.colcon_core.environment:checking '/home/omer/GitHub/yurur_sistem/ros2_ws/install/rover_msgs' for CMake config files
[9.700s] Level 1:colcon.colcon_core.shell:create_environment_hook('rover_msgs', 'cmake_prefix_path')
[9.701s] INFO:colcon.colcon_core.shell:Creating environment hook '/home/omer/GitHub/yurur_sistem/ros2_ws/install/rover_msgs/share/rover_msgs/hook/cmake_prefix_path.ps1'
[9.701s] INFO:colcon.colcon_core.shell:Creating environment descriptor '/home/omer/GitHub/yurur_sistem/ros2_ws/install/rover_msgs/share/rover_msgs/hook/cmake_prefix_path.dsv'
[9.702s] INFO:colcon.colcon_core.shell:Creating environment hook '/home/omer/GitHub/yurur_sistem/ros2_ws/install/rover_msgs/share/rover_msgs/hook/cmake_prefix_path.sh'
[9.702s] Level 1:colcon.colcon_core.environment:checking '/home/omer/GitHub/yurur_sistem/ros2_ws/install/rover_msgs/lib'
[9.703s] Level 1:colcon.colcon_core.shell:create_environment_hook('rover_msgs', 'ld_library_path_lib')
[9.703s] INFO:colcon.colcon_core.shell:Creating environment hook '/home/omer/GitHub/yurur_sistem/ros2_ws/install/rover_msgs/share/rover_msgs/hook/ld_library_path_lib.ps1'
[9.703s] INFO:colcon.colcon_core.shell:Creating environment descriptor '/home/omer/GitHub/yurur_sistem/ros2_ws/install/rover_msgs/share/rover_msgs/hook/ld_library_path_lib.dsv'
[9.704s] INFO:colcon.colcon_core.shell:Creating environment hook '/home/omer/GitHub/yurur_sistem/ros2_ws/install/rover_msgs/share/rover_msgs/hook/ld_library_path_lib.sh'
[9.704s] Level 1:colcon.colcon_core.environment:checking '/home/omer/GitHub/yurur_sistem/ros2_ws/install/rover_msgs/bin'
[9.704s] Level 1:colcon.colcon_core.environment:checking '/home/omer/GitHub/yurur_sistem/ros2_ws/install/rover_msgs/lib/pkgconfig/rover_msgs.pc'
[9.705s] Level 1:colcon.colcon_core.environment:checking '/home/omer/GitHub/yurur_sistem/ros2_ws/install/rover_msgs/lib/python3.10/site-packages'
[9.705s] Level 1:colcon.colcon_core.environment:checking '/home/omer/GitHub/yurur_sistem/ros2_ws/install/rover_msgs/bin'
[9.705s] INFO:colcon.colcon_core.shell:Creating package script '/home/omer/GitHub/yurur_sistem/ros2_ws/install/rover_msgs/share/rover_msgs/package.ps1'
[9.706s] INFO:colcon.colcon_core.shell:Creating package descriptor '/home/omer/GitHub/yurur_sistem/ros2_ws/install/rover_msgs/share/rover_msgs/package.dsv'
[9.707s] INFO:colcon.colcon_core.shell:Creating package script '/home/omer/GitHub/yurur_sistem/ros2_ws/install/rover_msgs/share/rover_msgs/package.sh'
[9.707s] INFO:colcon.colcon_core.shell:Creating package script '/home/omer/GitHub/yurur_sistem/ros2_ws/install/rover_msgs/share/rover_msgs/package.bash'
[9.708s] INFO:colcon.colcon_core.shell:Creating package script '/home/omer/GitHub/yurur_sistem/ros2_ws/install/rover_msgs/share/rover_msgs/package.zsh'
[9.708s] Level 1:colcon.colcon_core.environment:create_file_with_runtime_dependencies(/home/omer/GitHub/yurur_sistem/ros2_ws/install/rover_msgs/share/colcon-core/packages/rover_msgs)
[9.709s] Level 1:colcon.colcon_core.environment:create_environment_scripts_only(rover_msgs)
[9.710s] Level 1:colcon.colcon_core.environment:checking '/home/omer/GitHub/yurur_sistem/ros2_ws/install/rover_msgs' for CMake module files
[9.711s] Level 1:colcon.colcon_core.environment:checking '/home/omer/GitHub/yurur_sistem/ros2_ws/install/rover_msgs' for CMake config files
[9.711s] Level 1:colcon.colcon_core.shell:create_environment_hook('rover_msgs', 'cmake_prefix_path')
[9.712s] INFO:colcon.colcon_core.shell:Creating environment hook '/home/omer/GitHub/yurur_sistem/ros2_ws/install/rover_msgs/share/rover_msgs/hook/cmake_prefix_path.ps1'
[9.712s] INFO:colcon.colcon_core.shell:Creating environment descriptor '/home/omer/GitHub/yurur_sistem/ros2_ws/install/rover_msgs/share/rover_msgs/hook/cmake_prefix_path.dsv'
[9.713s] INFO:colcon.colcon_core.shell:Creating environment hook '/home/omer/GitHub/yurur_sistem/ros2_ws/install/rover_msgs/share/rover_msgs/hook/cmake_prefix_path.sh'
[9.713s] Level 1:colcon.colcon_core.environment:checking '/home/omer/GitHub/yurur_sistem/ros2_ws/install/rover_msgs/lib'
[9.713s] Level 1:colcon.colcon_core.shell:create_environment_hook('rover_msgs', 'ld_library_path_lib')
[9.714s] INFO:colcon.colcon_core.shell:Creating environment hook '/home/omer/GitHub/yurur_sistem/ros2_ws/install/rover_msgs/share/rover_msgs/hook/ld_library_path_lib.ps1'
[9.714s] INFO:colcon.colcon_core.shell:Creating environment descriptor '/home/omer/GitHub/yurur_sistem/ros2_ws/install/rover_msgs/share/rover_msgs/hook/ld_library_path_lib.dsv'
[9.715s] INFO:colcon.colcon_core.shell:Creating environment hook '/home/omer/GitHub/yurur_sistem/ros2_ws/install/rover_msgs/share/rover_msgs/hook/ld_library_path_lib.sh'
[9.715s] Level 1:colcon.colcon_core.environment:checking '/home/omer/GitHub/yurur_sistem/ros2_ws/install/rover_msgs/bin'
[9.715s] Level 1:colcon.colcon_core.environment:checking '/home/omer/GitHub/yurur_sistem/ros2_ws/install/rover_msgs/lib/pkgconfig/rover_msgs.pc'
[9.715s] Level 1:colcon.colcon_core.environment:checking '/home/omer/GitHub/yurur_sistem/ros2_ws/install/rover_msgs/lib/python3.10/site-packages'
[9.716s] Level 1:colcon.colcon_core.environment:checking '/home/omer/GitHub/yurur_sistem/ros2_ws/install/rover_msgs/bin'
[9.716s] INFO:colcon.colcon_core.shell:Creating package script '/home/omer/GitHub/yurur_sistem/ros2_ws/install/rover_msgs/share/rover_msgs/package.ps1'
[9.717s] INFO:colcon.colcon_core.shell:Creating package descriptor '/home/omer/GitHub/yurur_sistem/ros2_ws/install/rover_msgs/share/rover_msgs/package.dsv'
[9.718s] INFO:colcon.colcon_core.shell:Creating package script '/home/omer/GitHub/yurur_sistem/ros2_ws/install/rover_msgs/share/rover_msgs/package.sh'
[9.719s] INFO:colcon.colcon_core.shell:Creating package script '/home/omer/GitHub/yurur_sistem/ros2_ws/install/rover_msgs/share/rover_msgs/package.bash'
[9.719s] INFO:colcon.colcon_core.shell:Creating package script '/home/omer/GitHub/yurur_sistem/ros2_ws/install/rover_msgs/share/rover_msgs/package.zsh'
[9.720s] Level 1:colcon.colcon_core.environment:create_file_with_runtime_dependencies(/home/omer/GitHub/yurur_sistem/ros2_ws/install/rover_msgs/share/colcon-core/packages/rover_msgs)
[9.720s] DEBUG:colcon.colcon_parallel_executor.executor.parallel:closing loop
[9.721s] DEBUG:colcon.colcon_parallel_executor.executor.parallel:loop closed
[9.721s] DEBUG:colcon.colcon_parallel_executor.executor.parallel:run_until_complete finished with '0'
[9.721s] DEBUG:colcon.colcon_core.event_reactor:joining thread
[9.747s] INFO:colcon.colcon_core.plugin_system:Skipping extension 'colcon_notification.desktop_notification.terminal_notifier': Not used on non-Darwin systems
[9.747s] INFO:colcon.colcon_core.plugin_system:Skipping extension 'colcon_notification.desktop_notification.win32': Not used on non-Windows systems
[9.747s] INFO:colcon.colcon_notification.desktop_notification:Sending desktop notification using 'notify2'
[9.765s] DEBUG:colcon.colcon_core.event_reactor:joined thread
[9.765s] INFO:colcon.colcon_core.shell:Creating prefix script '/home/omer/GitHub/yurur_sistem/ros2_ws/install/local_setup.ps1'
[9.767s] INFO:colcon.colcon_core.shell:Creating prefix util module '/home/omer/GitHub/yurur_sistem/ros2_ws/install/_local_setup_util_ps1.py'
[9.769s] INFO:colcon.colcon_core.shell:Creating prefix chain script '/home/omer/GitHub/yurur_sistem/ros2_ws/install/setup.ps1'
[9.776s] INFO:colcon.colcon_core.shell:Creating prefix script '/home/omer/GitHub/yurur_sistem/ros2_ws/install/local_setup.sh'
[9.777s] INFO:colcon.colcon_core.shell:Creating prefix util module '/home/omer/GitHub/yurur_sistem/ros2_ws/install/_local_setup_util_sh.py'
[9.779s] INFO:colcon.colcon_core.shell:Creating prefix chain script '/home/omer/GitHub/yurur_sistem/ros2_ws/install/setup.sh'
[9.787s] INFO:colcon.colcon_core.shell:Creating prefix script '/home/omer/GitHub/yurur_sistem/ros2_ws/install/local_setup.bash'
[9.788s] INFO:colcon.colcon_core.shell:Creating prefix chain script '/home/omer/GitHub/yurur_sistem/ros2_ws/install/setup.bash'
[9.794s] INFO:colcon.colcon_core.shell:Creating prefix script '/home/omer/GitHub/yurur_sistem/ros2_ws/install/local_setup.zsh'
[9.795s] INFO:colcon.colcon_core.shell:Creating prefix chain script '/home/omer/GitHub/yurur_sistem/ros2_ws/install/setup.zsh'
