[0.381s] Invoking command in '/home/omer/GitHub/yurur_sistem/ros2_ws/build/rover_msgs': CMAKE_PREFIX_PATH=${CMAKE_PREFIX_PATH}:/home/omer/ros2_ws/install/motor_kontrol:/home/omer/ros2_ws/install/camera:/home/omer/ros2_ws/install/SLAM:/home/omer/microros_ws/install/sensor_msgs_py:/opt/ros/humble /usr/bin/cmake /home/omer/GitHub/yurur_sistem/ros2_ws/rover_msgs -DCMAKE_INSTALL_PREFIX=/home/omer/GitHub/yurur_sistem/ros2_ws/install/rover_msgs
[0.496s] -- The C compiler identification is GNU 11.4.0
[0.595s] -- The CXX compiler identification is GNU 11.4.0
[0.608s] -- Detecting C compiler ABI info
[0.752s] -- Detecting C compiler ABI info - done
[0.764s] -- Check for working C compiler: /usr/bin/cc - skipped
[0.765s] -- Detecting C compile features
[0.766s] -- Detecting C compile features - done
[0.770s] -- Detecting CXX compiler ABI info
[0.927s] -- Detecting CXX compiler ABI info - done
[0.939s] -- Check for working CXX compiler: /usr/bin/c++ - skipped
[0.939s] -- Detecting CXX compile features
[0.940s] -- Detecting CXX compile features - done
[0.955s] -- Found ament_cmake: 1.3.11 (/opt/ros/humble/share/ament_cmake/cmake)
[1.692s] -- Found Python3: /usr/bin/python3 (found version "3.10.12") found components: Interpreter 
[2.001s] -- Found geometry_msgs: 4.2.4 (/home/omer/microros_ws/install/geometry_msgs/share/geometry_msgs/cmake)
[2.234s] -- Found rosidl_generator_c: 3.1.6 (/opt/ros/humble/share/rosidl_generator_c/cmake)
[2.271s] -- Found rosidl_adapter: 3.1.6 (/opt/ros/humble/share/rosidl_adapter/cmake)
[2.304s] -- Found rosidl_generator_cpp: 3.1.6 (/opt/ros/humble/share/rosidl_generator_cpp/cmake)
[2.348s] -- Using all available rosidl_typesupport_c: rosidl_typesupport_microxrcedds_c;rosidl_typesupport_fastrtps_c;rosidl_typesupport_introspection_c
[2.429s] -- Using all available rosidl_typesupport_cpp: rosidl_typesupport_microxrcedds_cpp;rosidl_typesupport_fastrtps_cpp;rosidl_typesupport_introspection_cpp
[2.548s] -- Found rosidl_default_generators: 1.2.0 (/opt/ros/humble/share/rosidl_default_generators/cmake)
[3.137s] -- Found ament_cmake_ros: 0.10.0 (/opt/ros/humble/share/ament_cmake_ros/cmake)
[4.042s] -- Using all available rosidl_typesupport_c: rosidl_typesupport_microxrcedds_c;rosidl_typesupport_fastrtps_c;rosidl_typesupport_introspection_c
[4.466s] -- Using all available rosidl_typesupport_cpp: rosidl_typesupport_microxrcedds_cpp;rosidl_typesupport_fastrtps_cpp;rosidl_typesupport_introspection_cpp
[4.512s] -- Found PythonInterp: /usr/bin/python3 (found suitable version "3.10.12", minimum required is "3.6") 
[4.522s] -- Found python_cmake_module: 0.10.0 (/opt/ros/humble/share/python_cmake_module/cmake)
[4.585s] -- Found PythonLibs: /usr/lib/x86_64-linux-gnu/libpython3.10.so (found suitable version "3.10.12", minimum required is "3.5") 
[4.585s] -- Using PYTHON_EXECUTABLE: /usr/bin/python3
[4.585s] -- Using PYTHON_INCLUDE_DIRS: /usr/include/python3.10
[4.585s] -- Using PYTHON_LIBRARIES: /usr/lib/x86_64-linux-gnu/libpython3.10.so
[4.648s] -- Found PythonExtra: .so  
[4.803s] -- Found ament_lint_auto: 0.12.11 (/opt/ros/humble/share/ament_lint_auto/cmake)
[4.879s] -- Added test 'lint_cmake' to check CMake code style
[4.882s] -- Added test 'xmllint' to check XML markup files
[4.890s] -- Configuring done
[4.959s] -- Generating done
[4.981s] -- Build files have been written to: /home/omer/GitHub/yurur_sistem/ros2_ws/build/rover_msgs
[4.993s] Invoked command in '/home/omer/GitHub/yurur_sistem/ros2_ws/build/rover_msgs' returned '0': CMAKE_PREFIX_PATH=${CMAKE_PREFIX_PATH}:/home/omer/ros2_ws/install/motor_kontrol:/home/omer/ros2_ws/install/camera:/home/omer/ros2_ws/install/SLAM:/home/omer/microros_ws/install/sensor_msgs_py:/opt/ros/humble /usr/bin/cmake /home/omer/GitHub/yurur_sistem/ros2_ws/rover_msgs -DCMAKE_INSTALL_PREFIX=/home/omer/GitHub/yurur_sistem/ros2_ws/install/rover_msgs
[4.996s] Invoking command in '/home/omer/GitHub/yurur_sistem/ros2_ws/build/rover_msgs': CMAKE_PREFIX_PATH=${CMAKE_PREFIX_PATH}:/home/omer/ros2_ws/install/motor_kontrol:/home/omer/ros2_ws/install/camera:/home/omer/ros2_ws/install/SLAM:/home/omer/microros_ws/install/sensor_msgs_py:/opt/ros/humble /usr/bin/cmake --build /home/omer/GitHub/yurur_sistem/ros2_ws/build/rover_msgs -- -j8 -l8
[5.086s] [  2%] [34m[1mGenerating C code for ROS interfaces[0m
[5.111s] [  5%] [34m[1mGenerating C++ code for ROS interfaces[0m
[5.131s] [  5%] Built target ament_cmake_python_copy_rover_msgs
[5.600s] [  5%] Built target rover_msgs__cpp
[5.602s] [  7%] [32mBuilding C object CMakeFiles/rover_msgs__rosidl_generator_c.dir/rosidl_generator_c/rover_msgs/msg/detail/controller_msg__functions.c.o[0m
[5.634s] running egg_info
[5.634s] [ 10%] [34m[1mGenerating C++ type support for eProsima Micro XRCE-DDS[0m
[5.638s] [ 12%] [34m[1mGenerating C++ type support dispatch for ROS interfaces[0m
[5.641s] [ 15%] [34m[1mGenerating C++ type support for eProsima Fast-RTPS[0m
[5.642s] [ 17%] [34m[1mGenerating C++ introspection for ROS interfaces[0m
[5.678s] creating rover_msgs.egg-info
[5.678s] writing rover_msgs.egg-info/PKG-INFO
[5.679s] writing dependency_links to rover_msgs.egg-info/dependency_links.txt
[5.679s] writing top-level names to rover_msgs.egg-info/top_level.txt
[5.680s] writing manifest file 'rover_msgs.egg-info/SOURCES.txt'
[5.716s] [ 20%] [32m[1mLinking C shared library librover_msgs__rosidl_generator_c.so[0m
[5.799s] [ 20%] Built target rover_msgs__rosidl_generator_c
[5.826s] reading manifest file 'rover_msgs.egg-info/SOURCES.txt'
[5.827s] writing manifest file 'rover_msgs.egg-info/SOURCES.txt'
[5.843s] [ 23%] [34m[1mGenerating C introspection for ROS interfaces[0m
[5.845s] [ 28%] [34m[1mGenerating C type support for eProsima Fast-RTPS[0m
[5.845s] [ 28%] [34m[1mGenerating C type support for eProsima Micro XRCE-DDS[0m
[5.910s] [ 28%] Built target ament_cmake_python_build_rover_msgs_egg
[5.954s] [ 30%] [34m[1mGenerating C type support dispatch for ROS interfaces[0m
[6.477s] [ 33%] [32mBuilding CXX object CMakeFiles/rover_msgs__rosidl_typesupport_cpp.dir/rosidl_typesupport_cpp/rover_msgs/msg/controller_msg__type_support.cpp.o[0m
[6.543s] [ 35%] [32mBuilding CXX object CMakeFiles/rover_msgs__rosidl_typesupport_introspection_cpp.dir/rosidl_typesupport_introspection_cpp/rover_msgs/msg/detail/controller_msg__type_support.cpp.o[0m
[6.570s] [ 38%] [32mBuilding CXX object CMakeFiles/rover_msgs__rosidl_typesupport_fastrtps_cpp.dir/rosidl_typesupport_fastrtps_cpp/rover_msgs/msg/detail/dds_fastrtps/controller_msg__type_support.cpp.o[0m
[6.644s] [ 41%] [32mBuilding CXX object CMakeFiles/rover_msgs__rosidl_typesupport_microxrcedds_cpp.dir/rosidl_typesupport_microxrcedds_cpp/rover_msgs/msg/detail/microxrcedds/controller_msg__type_support_cpp.cpp.o[0m
[6.751s] [ 43%] [32mBuilding C object CMakeFiles/rover_msgs__rosidl_typesupport_introspection_c.dir/rosidl_typesupport_introspection_c/rover_msgs/msg/detail/controller_msg__type_support.c.o[0m
[6.792s] [ 46%] [32mBuilding CXX object CMakeFiles/rover_msgs__rosidl_typesupport_c.dir/rosidl_typesupport_c/rover_msgs/msg/controller_msg__type_support.cpp.o[0m
[6.843s] [ 48%] [32mBuilding CXX object CMakeFiles/rover_msgs__rosidl_typesupport_fastrtps_c.dir/rosidl_typesupport_fastrtps_c/rover_msgs/msg/detail/controller_msg__type_support_c.cpp.o[0m
[6.868s] [ 51%] [32mBuilding C object CMakeFiles/rover_msgs__rosidl_typesupport_microxrcedds_c.dir/rosidl_typesupport_microxrcedds_c/rover_msgs/msg/detail/microxrcedds/controller_msg__type_support_c.c.o[0m
[6.876s] [ 53%] [32m[1mLinking C shared library librover_msgs__rosidl_typesupport_introspection_c.so[0m
[6.902s] [ 56%] [32m[1mLinking CXX shared library librover_msgs__rosidl_typesupport_c.so[0m
[6.998s] [ 56%] Built target rover_msgs__rosidl_typesupport_introspection_c
[7.028s] [ 58%] [32m[1mLinking C shared library librover_msgs__rosidl_typesupport_microxrcedds_c.so[0m
[7.051s] [ 58%] Built target rover_msgs__rosidl_typesupport_c
[7.138s] [ 58%] Built target rover_msgs__rosidl_typesupport_microxrcedds_c
[7.282s] [ 61%] [32m[1mLinking CXX shared library librover_msgs__rosidl_typesupport_cpp.so[0m
[7.419s] [ 61%] Built target rover_msgs__rosidl_typesupport_cpp
[7.451s] [ 64%] [32m[1mLinking CXX shared library librover_msgs__rosidl_typesupport_microxrcedds_cpp.so[0m
[7.487s] [ 66%] [32m[1mLinking CXX shared library librover_msgs__rosidl_typesupport_introspection_cpp.so[0m
[7.571s] [ 66%] Built target rover_msgs__rosidl_typesupport_microxrcedds_cpp
[7.585s] [ 66%] Built target rover_msgs__rosidl_typesupport_introspection_cpp
[7.591s] [ 69%] [32m[1mLinking CXX shared library librover_msgs__rosidl_typesupport_fastrtps_cpp.so[0m
[7.611s] [ 71%] [32m[1mLinking CXX shared library librover_msgs__rosidl_typesupport_fastrtps_c.so[0m
[7.727s] [ 71%] Built target rover_msgs__rosidl_typesupport_fastrtps_cpp
[7.765s] [ 71%] Built target rover_msgs__rosidl_typesupport_fastrtps_c
[7.837s] [ 71%] Built target rover_msgs
[7.908s] [ 74%] [34m[1mGenerating Python code for ROS interfaces[0m
[8.433s] [ 74%] Built target rover_msgs__py
[8.482s] [ 76%] [32mBuilding C object CMakeFiles/rover_msgs__rosidl_generator_py.dir/rosidl_generator_py/rover_msgs/msg/_controller_msg_s.c.o[0m
[8.642s] [ 79%] [32m[1mLinking C shared library rosidl_generator_py/rover_msgs/librover_msgs__rosidl_generator_py.so[0m
[8.736s] [ 79%] Built target rover_msgs__rosidl_generator_py
[8.791s] [ 87%] [32mBuilding C object CMakeFiles/rover_msgs__rosidl_typesupport_fastrtps_c__pyext.dir/rosidl_generator_py/rover_msgs/_rover_msgs_s.ep.rosidl_typesupport_fastrtps_c.c.o[0m
[8.792s] [ 87%] [32mBuilding C object CMakeFiles/rover_msgs__rosidl_typesupport_microxrcedds_c__pyext.dir/rosidl_generator_py/rover_msgs/_rover_msgs_s.ep.rosidl_typesupport_microxrcedds_c.c.o[0m
[8.792s] [ 87%] [32mBuilding C object CMakeFiles/rover_msgs__rosidl_typesupport_introspection_c__pyext.dir/rosidl_generator_py/rover_msgs/_rover_msgs_s.ep.rosidl_typesupport_introspection_c.c.o[0m
[8.792s] [ 89%] [32mBuilding C object CMakeFiles/rover_msgs__rosidl_typesupport_c__pyext.dir/rosidl_generator_py/rover_msgs/_rover_msgs_s.ep.rosidl_typesupport_c.c.o[0m
[8.991s] [ 94%] [32m[1mLinking C shared library rosidl_generator_py/rover_msgs/rover_msgs_s__rosidl_typesupport_introspection_c.cpython-310-x86_64-linux-gnu.so[0m
[8.992s] [ 94%] [32m[1mLinking C shared library rosidl_generator_py/rover_msgs/rover_msgs_s__rosidl_typesupport_fastrtps_c.cpython-310-x86_64-linux-gnu.so[0m
[8.992s] [ 97%] [32m[1mLinking C shared library rosidl_generator_py/rover_msgs/rover_msgs_s__rosidl_typesupport_c.cpython-310-x86_64-linux-gnu.so[0m
[8.995s] [100%] [32m[1mLinking C shared library rosidl_generator_py/rover_msgs/rover_msgs_s__rosidl_typesupport_microxrcedds_c.cpython-310-x86_64-linux-gnu.so[0m
[9.082s] [100%] Built target rover_msgs__rosidl_typesupport_fastrtps_c__pyext
[9.083s] [100%] Built target rover_msgs__rosidl_typesupport_introspection_c__pyext
[9.083s] [100%] Built target rover_msgs__rosidl_typesupport_c__pyext
[9.087s] [100%] Built target rover_msgs__rosidl_typesupport_microxrcedds_c__pyext
[9.109s] Invoked command in '/home/omer/GitHub/yurur_sistem/ros2_ws/build/rover_msgs' returned '0': CMAKE_PREFIX_PATH=${CMAKE_PREFIX_PATH}:/home/omer/ros2_ws/install/motor_kontrol:/home/omer/ros2_ws/install/camera:/home/omer/ros2_ws/install/SLAM:/home/omer/microros_ws/install/sensor_msgs_py:/opt/ros/humble /usr/bin/cmake --build /home/omer/GitHub/yurur_sistem/ros2_ws/build/rover_msgs -- -j8 -l8
[9.127s] Invoking command in '/home/omer/GitHub/yurur_sistem/ros2_ws/build/rover_msgs': CMAKE_PREFIX_PATH=${CMAKE_PREFIX_PATH}:/home/omer/ros2_ws/install/motor_kontrol:/home/omer/ros2_ws/install/camera:/home/omer/ros2_ws/install/SLAM:/home/omer/microros_ws/install/sensor_msgs_py:/opt/ros/humble /usr/bin/cmake --install /home/omer/GitHub/yurur_sistem/ros2_ws/build/rover_msgs
[9.143s] -- Install configuration: ""
[9.144s] -- Installing: /home/omer/GitHub/yurur_sistem/ros2_ws/install/rover_msgs/share/ament_index/resource_index/rosidl_interfaces/rover_msgs
[9.144s] -- Installing: /home/omer/GitHub/yurur_sistem/ros2_ws/install/rover_msgs/include/rover_msgs/rover_msgs
[9.144s] -- Installing: /home/omer/GitHub/yurur_sistem/ros2_ws/install/rover_msgs/include/rover_msgs/rover_msgs/msg
[9.145s] -- Installing: /home/omer/GitHub/yurur_sistem/ros2_ws/install/rover_msgs/include/rover_msgs/rover_msgs/msg/detail
[9.145s] -- Installing: /home/omer/GitHub/yurur_sistem/ros2_ws/install/rover_msgs/include/rover_msgs/rover_msgs/msg/detail/controller_msg__type_support.h
[9.145s] -- Installing: /home/omer/GitHub/yurur_sistem/ros2_ws/install/rover_msgs/include/rover_msgs/rover_msgs/msg/detail/controller_msg__struct.h
[9.146s] -- Installing: /home/omer/GitHub/yurur_sistem/ros2_ws/install/rover_msgs/include/rover_msgs/rover_msgs/msg/detail/controller_msg__functions.c
[9.146s] -- Installing: /home/omer/GitHub/yurur_sistem/ros2_ws/install/rover_msgs/include/rover_msgs/rover_msgs/msg/detail/controller_msg__functions.h
[9.146s] -- Installing: /home/omer/GitHub/yurur_sistem/ros2_ws/install/rover_msgs/include/rover_msgs/rover_msgs/msg/rosidl_generator_c__visibility_control.h
[9.146s] -- Installing: /home/omer/GitHub/yurur_sistem/ros2_ws/install/rover_msgs/include/rover_msgs/rover_msgs/msg/controller_msg.h
[9.146s] -- Installing: /home/omer/GitHub/yurur_sistem/ros2_ws/install/rover_msgs/share/rover_msgs/environment/library_path.sh
[9.147s] -- Installing: /home/omer/GitHub/yurur_sistem/ros2_ws/install/rover_msgs/share/rover_msgs/environment/library_path.dsv
[9.147s] -- Installing: /home/omer/GitHub/yurur_sistem/ros2_ws/install/rover_msgs/lib/librover_msgs__rosidl_generator_c.so
[9.148s] -- Set runtime path of "/home/omer/GitHub/yurur_sistem/ros2_ws/install/rover_msgs/lib/librover_msgs__rosidl_generator_c.so" to ""
[9.148s] -- Up-to-date: /home/omer/GitHub/yurur_sistem/ros2_ws/install/rover_msgs/include/rover_msgs/rover_msgs
[9.149s] -- Up-to-date: /home/omer/GitHub/yurur_sistem/ros2_ws/install/rover_msgs/include/rover_msgs/rover_msgs/msg
[9.149s] -- Up-to-date: /home/omer/GitHub/yurur_sistem/ros2_ws/install/rover_msgs/include/rover_msgs/rover_msgs/msg/detail
[9.149s] -- Installing: /home/omer/GitHub/yurur_sistem/ros2_ws/install/rover_msgs/include/rover_msgs/rover_msgs/msg/detail/controller_msg__rosidl_typesupport_fastrtps_c.h
[9.149s] -- Installing: /home/omer/GitHub/yurur_sistem/ros2_ws/install/rover_msgs/include/rover_msgs/rover_msgs/msg/rosidl_typesupport_fastrtps_c__visibility_control.h
[9.150s] -- Installing: /home/omer/GitHub/yurur_sistem/ros2_ws/install/rover_msgs/lib/librover_msgs__rosidl_typesupport_fastrtps_c.so
[9.151s] -- Set runtime path of "/home/omer/GitHub/yurur_sistem/ros2_ws/install/rover_msgs/lib/librover_msgs__rosidl_typesupport_fastrtps_c.so" to ""
[9.151s] -- Up-to-date: /home/omer/GitHub/yurur_sistem/ros2_ws/install/rover_msgs/include/rover_msgs/rover_msgs
[9.151s] -- Up-to-date: /home/omer/GitHub/yurur_sistem/ros2_ws/install/rover_msgs/include/rover_msgs/rover_msgs/msg
[9.152s] -- Up-to-date: /home/omer/GitHub/yurur_sistem/ros2_ws/install/rover_msgs/include/rover_msgs/rover_msgs/msg/detail
[9.152s] -- Installing: /home/omer/GitHub/yurur_sistem/ros2_ws/install/rover_msgs/include/rover_msgs/rover_msgs/msg/detail/controller_msg__type_support.hpp
[9.152s] -- Installing: /home/omer/GitHub/yurur_sistem/ros2_ws/install/rover_msgs/include/rover_msgs/rover_msgs/msg/detail/controller_msg__traits.hpp
[9.152s] -- Installing: /home/omer/GitHub/yurur_sistem/ros2_ws/install/rover_msgs/include/rover_msgs/rover_msgs/msg/detail/controller_msg__builder.hpp
[9.152s] -- Installing: /home/omer/GitHub/yurur_sistem/ros2_ws/install/rover_msgs/include/rover_msgs/rover_msgs/msg/detail/controller_msg__struct.hpp
[9.152s] -- Installing: /home/omer/GitHub/yurur_sistem/ros2_ws/install/rover_msgs/include/rover_msgs/rover_msgs/msg/controller_msg.hpp
[9.153s] -- Installing: /home/omer/GitHub/yurur_sistem/ros2_ws/install/rover_msgs/include/rover_msgs/rover_msgs/msg/rosidl_generator_cpp__visibility_control.hpp
[9.153s] -- Up-to-date: /home/omer/GitHub/yurur_sistem/ros2_ws/install/rover_msgs/include/rover_msgs/rover_msgs
[9.153s] -- Up-to-date: /home/omer/GitHub/yurur_sistem/ros2_ws/install/rover_msgs/include/rover_msgs/rover_msgs/msg
[9.153s] -- Up-to-date: /home/omer/GitHub/yurur_sistem/ros2_ws/install/rover_msgs/include/rover_msgs/rover_msgs/msg/detail
[9.153s] -- Installing: /home/omer/GitHub/yurur_sistem/ros2_ws/install/rover_msgs/include/rover_msgs/rover_msgs/msg/detail/controller_msg__rosidl_typesupport_fastrtps_cpp.hpp
[9.153s] -- Installing: /home/omer/GitHub/yurur_sistem/ros2_ws/install/rover_msgs/include/rover_msgs/rover_msgs/msg/detail/dds_fastrtps
[9.153s] -- Installing: /home/omer/GitHub/yurur_sistem/ros2_ws/install/rover_msgs/include/rover_msgs/rover_msgs/msg/rosidl_typesupport_fastrtps_cpp__visibility_control.h
[9.154s] -- Installing: /home/omer/GitHub/yurur_sistem/ros2_ws/install/rover_msgs/lib/librover_msgs__rosidl_typesupport_fastrtps_cpp.so
[9.154s] -- Set runtime path of "/home/omer/GitHub/yurur_sistem/ros2_ws/install/rover_msgs/lib/librover_msgs__rosidl_typesupport_fastrtps_cpp.so" to ""
[9.154s] -- Up-to-date: /home/omer/GitHub/yurur_sistem/ros2_ws/install/rover_msgs/include/rover_msgs
[9.155s] -- Installing: /home/omer/GitHub/yurur_sistem/ros2_ws/install/rover_msgs/include/rover_msgs/msg
[9.155s] -- Installing: /home/omer/GitHub/yurur_sistem/ros2_ws/install/rover_msgs/include/rover_msgs/msg/detail
[9.155s] -- Installing: /home/omer/GitHub/yurur_sistem/ros2_ws/install/rover_msgs/include/rover_msgs/msg/detail/controller_msg__rosidl_typesupport_microxrcedds_c.h
[9.155s] -- Installing: /home/omer/GitHub/yurur_sistem/ros2_ws/install/rover_msgs/include/rover_msgs/msg/detail/microxrcedds
[9.156s] -- Installing: /home/omer/GitHub/yurur_sistem/ros2_ws/install/rover_msgs/include/rover_msgs/msg/rosidl_typesupport_microxrcedds_c__visibility_control.h
[9.156s] -- Installing: /home/omer/GitHub/yurur_sistem/ros2_ws/install/rover_msgs/lib/librover_msgs__rosidl_typesupport_microxrcedds_c.so
[9.157s] -- Set runtime path of "/home/omer/GitHub/yurur_sistem/ros2_ws/install/rover_msgs/lib/librover_msgs__rosidl_typesupport_microxrcedds_c.so" to ""
[9.157s] -- Up-to-date: /home/omer/GitHub/yurur_sistem/ros2_ws/install/rover_msgs/include/rover_msgs/rover_msgs
[9.157s] -- Up-to-date: /home/omer/GitHub/yurur_sistem/ros2_ws/install/rover_msgs/include/rover_msgs/rover_msgs/msg
[9.158s] -- Installing: /home/omer/GitHub/yurur_sistem/ros2_ws/install/rover_msgs/include/rover_msgs/rover_msgs/msg/rosidl_typesupport_introspection_c__visibility_control.h
[9.158s] -- Up-to-date: /home/omer/GitHub/yurur_sistem/ros2_ws/install/rover_msgs/include/rover_msgs/rover_msgs/msg/detail
[9.158s] -- Installing: /home/omer/GitHub/yurur_sistem/ros2_ws/install/rover_msgs/include/rover_msgs/rover_msgs/msg/detail/controller_msg__rosidl_typesupport_introspection_c.h
[9.158s] -- Installing: /home/omer/GitHub/yurur_sistem/ros2_ws/install/rover_msgs/include/rover_msgs/rover_msgs/msg/detail/controller_msg__type_support.c
[9.158s] -- Installing: /home/omer/GitHub/yurur_sistem/ros2_ws/install/rover_msgs/lib/librover_msgs__rosidl_typesupport_introspection_c.so
[9.159s] -- Set runtime path of "/home/omer/GitHub/yurur_sistem/ros2_ws/install/rover_msgs/lib/librover_msgs__rosidl_typesupport_introspection_c.so" to ""
[9.159s] -- Installing: /home/omer/GitHub/yurur_sistem/ros2_ws/install/rover_msgs/lib/librover_msgs__rosidl_typesupport_c.so
[9.160s] -- Set runtime path of "/home/omer/GitHub/yurur_sistem/ros2_ws/install/rover_msgs/lib/librover_msgs__rosidl_typesupport_c.so" to ""
[9.161s] -- Up-to-date: /home/omer/GitHub/yurur_sistem/ros2_ws/install/rover_msgs/include/rover_msgs
[9.161s] -- Up-to-date: /home/omer/GitHub/yurur_sistem/ros2_ws/install/rover_msgs/include/rover_msgs/msg
[9.161s] -- Up-to-date: /home/omer/GitHub/yurur_sistem/ros2_ws/install/rover_msgs/include/rover_msgs/msg/detail
[9.162s] -- Installing: /home/omer/GitHub/yurur_sistem/ros2_ws/install/rover_msgs/include/rover_msgs/msg/detail/controller_msg__rosidl_typesupport_microxrcedds_cpp.hpp
[9.162s] -- Up-to-date: /home/omer/GitHub/yurur_sistem/ros2_ws/install/rover_msgs/include/rover_msgs/msg/detail/microxrcedds
[9.162s] -- Installing: /home/omer/GitHub/yurur_sistem/ros2_ws/install/rover_msgs/include/rover_msgs/msg/detail/microxrcedds/controller_msg__type_support_cpp.cpp
[9.162s] -- Installing: /home/omer/GitHub/yurur_sistem/ros2_ws/install/rover_msgs/include/rover_msgs/msg/rosidl_typesupport_microxrcedds_cpp__visibility_control.h
[9.162s] -- Installing: /home/omer/GitHub/yurur_sistem/ros2_ws/install/rover_msgs/lib/librover_msgs__rosidl_typesupport_microxrcedds_cpp.so
[9.163s] -- Set runtime path of "/home/omer/GitHub/yurur_sistem/ros2_ws/install/rover_msgs/lib/librover_msgs__rosidl_typesupport_microxrcedds_cpp.so" to ""
[9.163s] -- Up-to-date: /home/omer/GitHub/yurur_sistem/ros2_ws/install/rover_msgs/include/rover_msgs/rover_msgs
[9.163s] -- Up-to-date: /home/omer/GitHub/yurur_sistem/ros2_ws/install/rover_msgs/include/rover_msgs/rover_msgs/msg
[9.163s] -- Up-to-date: /home/omer/GitHub/yurur_sistem/ros2_ws/install/rover_msgs/include/rover_msgs/rover_msgs/msg/detail
[9.163s] -- Installing: /home/omer/GitHub/yurur_sistem/ros2_ws/install/rover_msgs/include/rover_msgs/rover_msgs/msg/detail/controller_msg__type_support.cpp
[9.164s] -- Installing: /home/omer/GitHub/yurur_sistem/ros2_ws/install/rover_msgs/include/rover_msgs/rover_msgs/msg/detail/controller_msg__rosidl_typesupport_introspection_cpp.hpp
[9.164s] -- Installing: /home/omer/GitHub/yurur_sistem/ros2_ws/install/rover_msgs/lib/librover_msgs__rosidl_typesupport_introspection_cpp.so
[9.164s] -- Set runtime path of "/home/omer/GitHub/yurur_sistem/ros2_ws/install/rover_msgs/lib/librover_msgs__rosidl_typesupport_introspection_cpp.so" to ""
[9.165s] -- Installing: /home/omer/GitHub/yurur_sistem/ros2_ws/install/rover_msgs/lib/librover_msgs__rosidl_typesupport_cpp.so
[9.166s] -- Set runtime path of "/home/omer/GitHub/yurur_sistem/ros2_ws/install/rover_msgs/lib/librover_msgs__rosidl_typesupport_cpp.so" to ""
[9.166s] -- Installing: /home/omer/GitHub/yurur_sistem/ros2_ws/install/rover_msgs/share/rover_msgs/environment/pythonpath.sh
[9.166s] -- Installing: /home/omer/GitHub/yurur_sistem/ros2_ws/install/rover_msgs/share/rover_msgs/environment/pythonpath.dsv
[9.166s] -- Installing: /home/omer/GitHub/yurur_sistem/ros2_ws/install/rover_msgs/local/lib/python3.10/dist-packages/rover_msgs-0.0.0-py3.10.egg-info
[9.167s] -- Installing: /home/omer/GitHub/yurur_sistem/ros2_ws/install/rover_msgs/local/lib/python3.10/dist-packages/rover_msgs-0.0.0-py3.10.egg-info/SOURCES.txt
[9.167s] -- Installing: /home/omer/GitHub/yurur_sistem/ros2_ws/install/rover_msgs/local/lib/python3.10/dist-packages/rover_msgs-0.0.0-py3.10.egg-info/dependency_links.txt
[9.168s] -- Installing: /home/omer/GitHub/yurur_sistem/ros2_ws/install/rover_msgs/local/lib/python3.10/dist-packages/rover_msgs-0.0.0-py3.10.egg-info/PKG-INFO
[9.168s] -- Installing: /home/omer/GitHub/yurur_sistem/ros2_ws/install/rover_msgs/local/lib/python3.10/dist-packages/rover_msgs-0.0.0-py3.10.egg-info/top_level.txt
[9.168s] -- Installing: /home/omer/GitHub/yurur_sistem/ros2_ws/install/rover_msgs/local/lib/python3.10/dist-packages/rover_msgs
[9.169s] -- Installing: /home/omer/GitHub/yurur_sistem/ros2_ws/install/rover_msgs/local/lib/python3.10/dist-packages/rover_msgs/librover_msgs__rosidl_generator_py.so
[9.169s] -- Installing: /home/omer/GitHub/yurur_sistem/ros2_ws/install/rover_msgs/local/lib/python3.10/dist-packages/rover_msgs/msg
[9.169s] -- Installing: /home/omer/GitHub/yurur_sistem/ros2_ws/install/rover_msgs/local/lib/python3.10/dist-packages/rover_msgs/msg/__init__.py
[9.169s] -- Installing: /home/omer/GitHub/yurur_sistem/ros2_ws/install/rover_msgs/local/lib/python3.10/dist-packages/rover_msgs/msg/_controller_msg.py
[9.169s] -- Installing: /home/omer/GitHub/yurur_sistem/ros2_ws/install/rover_msgs/local/lib/python3.10/dist-packages/rover_msgs/msg/_controller_msg_s.c
[9.170s] -- Installing: /home/omer/GitHub/yurur_sistem/ros2_ws/install/rover_msgs/local/lib/python3.10/dist-packages/rover_msgs/rover_msgs_s__rosidl_typesupport_introspection_c.cpython-310-x86_64-linux-gnu.so
[9.170s] -- Installing: /home/omer/GitHub/yurur_sistem/ros2_ws/install/rover_msgs/local/lib/python3.10/dist-packages/rover_msgs/__init__.py
[9.170s] -- Installing: /home/omer/GitHub/yurur_sistem/ros2_ws/install/rover_msgs/local/lib/python3.10/dist-packages/rover_msgs/_rover_msgs_s.ep.rosidl_typesupport_microxrcedds_c.c
[9.170s] -- Installing: /home/omer/GitHub/yurur_sistem/ros2_ws/install/rover_msgs/local/lib/python3.10/dist-packages/rover_msgs/_rover_msgs_s.ep.rosidl_typesupport_fastrtps_c.c
[9.170s] -- Installing: /home/omer/GitHub/yurur_sistem/ros2_ws/install/rover_msgs/local/lib/python3.10/dist-packages/rover_msgs/rover_msgs_s__rosidl_typesupport_fastrtps_c.cpython-310-x86_64-linux-gnu.so
[9.171s] -- Installing: /home/omer/GitHub/yurur_sistem/ros2_ws/install/rover_msgs/local/lib/python3.10/dist-packages/rover_msgs/_rover_msgs_s.ep.rosidl_typesupport_introspection_c.c
[9.171s] -- Installing: /home/omer/GitHub/yurur_sistem/ros2_ws/install/rover_msgs/local/lib/python3.10/dist-packages/rover_msgs/_rover_msgs_s.ep.rosidl_typesupport_c.c
[9.172s] -- Installing: /home/omer/GitHub/yurur_sistem/ros2_ws/install/rover_msgs/local/lib/python3.10/dist-packages/rover_msgs/rover_msgs_s__rosidl_typesupport_microxrcedds_c.cpython-310-x86_64-linux-gnu.so
[9.172s] -- Installing: /home/omer/GitHub/yurur_sistem/ros2_ws/install/rover_msgs/local/lib/python3.10/dist-packages/rover_msgs/rover_msgs_s__rosidl_typesupport_c.cpython-310-x86_64-linux-gnu.so
[9.273s] Listing '/home/omer/GitHub/yurur_sistem/ros2_ws/install/rover_msgs/local/lib/python3.10/dist-packages/rover_msgs'...
[9.274s] Compiling '/home/omer/GitHub/yurur_sistem/ros2_ws/install/rover_msgs/local/lib/python3.10/dist-packages/rover_msgs/__init__.py'...
[9.274s] Listing '/home/omer/GitHub/yurur_sistem/ros2_ws/install/rover_msgs/local/lib/python3.10/dist-packages/rover_msgs/msg'...
[9.274s] Compiling '/home/omer/GitHub/yurur_sistem/ros2_ws/install/rover_msgs/local/lib/python3.10/dist-packages/rover_msgs/msg/__init__.py'...
[9.274s] Compiling '/home/omer/GitHub/yurur_sistem/ros2_ws/install/rover_msgs/local/lib/python3.10/dist-packages/rover_msgs/msg/_controller_msg.py'...
[9.279s] -- Installing: /home/omer/GitHub/yurur_sistem/ros2_ws/install/rover_msgs/local/lib/python3.10/dist-packages/rover_msgs/rover_msgs_s__rosidl_typesupport_microxrcedds_c.cpython-310-x86_64-linux-gnu.so
[9.280s] -- Set runtime path of "/home/omer/GitHub/yurur_sistem/ros2_ws/install/rover_msgs/local/lib/python3.10/dist-packages/rover_msgs/rover_msgs_s__rosidl_typesupport_microxrcedds_c.cpython-310-x86_64-linux-gnu.so" to ""
[9.280s] -- Installing: /home/omer/GitHub/yurur_sistem/ros2_ws/install/rover_msgs/local/lib/python3.10/dist-packages/rover_msgs/rover_msgs_s__rosidl_typesupport_fastrtps_c.cpython-310-x86_64-linux-gnu.so
[9.281s] -- Set runtime path of "/home/omer/GitHub/yurur_sistem/ros2_ws/install/rover_msgs/local/lib/python3.10/dist-packages/rover_msgs/rover_msgs_s__rosidl_typesupport_fastrtps_c.cpython-310-x86_64-linux-gnu.so" to ""
[9.281s] -- Installing: /home/omer/GitHub/yurur_sistem/ros2_ws/install/rover_msgs/local/lib/python3.10/dist-packages/rover_msgs/rover_msgs_s__rosidl_typesupport_introspection_c.cpython-310-x86_64-linux-gnu.so
[9.282s] -- Set runtime path of "/home/omer/GitHub/yurur_sistem/ros2_ws/install/rover_msgs/local/lib/python3.10/dist-packages/rover_msgs/rover_msgs_s__rosidl_typesupport_introspection_c.cpython-310-x86_64-linux-gnu.so" to ""
[9.282s] -- Installing: /home/omer/GitHub/yurur_sistem/ros2_ws/install/rover_msgs/local/lib/python3.10/dist-packages/rover_msgs/rover_msgs_s__rosidl_typesupport_c.cpython-310-x86_64-linux-gnu.so
[9.283s] -- Set runtime path of "/home/omer/GitHub/yurur_sistem/ros2_ws/install/rover_msgs/local/lib/python3.10/dist-packages/rover_msgs/rover_msgs_s__rosidl_typesupport_c.cpython-310-x86_64-linux-gnu.so" to ""
[9.283s] -- Installing: /home/omer/GitHub/yurur_sistem/ros2_ws/install/rover_msgs/lib/librover_msgs__rosidl_generator_py.so
[9.284s] -- Set runtime path of "/home/omer/GitHub/yurur_sistem/ros2_ws/install/rover_msgs/lib/librover_msgs__rosidl_generator_py.so" to ""
[9.284s] -- Installing: /home/omer/GitHub/yurur_sistem/ros2_ws/install/rover_msgs/share/rover_msgs/msg/ControllerMsg.idl
[9.285s] -- Installing: /home/omer/GitHub/yurur_sistem/ros2_ws/install/rover_msgs/share/rover_msgs/msg/ControllerMsg.msg
[9.285s] -- Installing: /home/omer/GitHub/yurur_sistem/ros2_ws/install/rover_msgs/share/ament_index/resource_index/package_run_dependencies/rover_msgs
[9.285s] -- Installing: /home/omer/GitHub/yurur_sistem/ros2_ws/install/rover_msgs/share/ament_index/resource_index/parent_prefix_path/rover_msgs
[9.285s] -- Installing: /home/omer/GitHub/yurur_sistem/ros2_ws/install/rover_msgs/share/rover_msgs/environment/ament_prefix_path.sh
[9.286s] -- Installing: /home/omer/GitHub/yurur_sistem/ros2_ws/install/rover_msgs/share/rover_msgs/environment/ament_prefix_path.dsv
[9.286s] -- Installing: /home/omer/GitHub/yurur_sistem/ros2_ws/install/rover_msgs/share/rover_msgs/environment/path.sh
[9.286s] -- Installing: /home/omer/GitHub/yurur_sistem/ros2_ws/install/rover_msgs/share/rover_msgs/environment/path.dsv
[9.287s] -- Installing: /home/omer/GitHub/yurur_sistem/ros2_ws/install/rover_msgs/share/rover_msgs/local_setup.bash
[9.287s] -- Installing: /home/omer/GitHub/yurur_sistem/ros2_ws/install/rover_msgs/share/rover_msgs/local_setup.sh
[9.287s] -- Installing: /home/omer/GitHub/yurur_sistem/ros2_ws/install/rover_msgs/share/rover_msgs/local_setup.zsh
[9.288s] -- Installing: /home/omer/GitHub/yurur_sistem/ros2_ws/install/rover_msgs/share/rover_msgs/local_setup.dsv
[9.288s] -- Installing: /home/omer/GitHub/yurur_sistem/ros2_ws/install/rover_msgs/share/rover_msgs/package.dsv
[9.288s] -- Installing: /home/omer/GitHub/yurur_sistem/ros2_ws/install/rover_msgs/share/ament_index/resource_index/packages/rover_msgs
[9.289s] -- Installing: /home/omer/GitHub/yurur_sistem/ros2_ws/install/rover_msgs/share/rover_msgs/cmake/export_rover_msgs__rosidl_generator_cExport.cmake
[9.289s] -- Installing: /home/omer/GitHub/yurur_sistem/ros2_ws/install/rover_msgs/share/rover_msgs/cmake/export_rover_msgs__rosidl_generator_cExport-noconfig.cmake
[9.289s] -- Installing: /home/omer/GitHub/yurur_sistem/ros2_ws/install/rover_msgs/share/rover_msgs/cmake/export_rover_msgs__rosidl_typesupport_fastrtps_cExport.cmake
[9.289s] -- Installing: /home/omer/GitHub/yurur_sistem/ros2_ws/install/rover_msgs/share/rover_msgs/cmake/export_rover_msgs__rosidl_typesupport_fastrtps_cExport-noconfig.cmake
[9.290s] -- Installing: /home/omer/GitHub/yurur_sistem/ros2_ws/install/rover_msgs/share/rover_msgs/cmake/export_rover_msgs__rosidl_generator_cppExport.cmake
[9.290s] -- Installing: /home/omer/GitHub/yurur_sistem/ros2_ws/install/rover_msgs/share/rover_msgs/cmake/export_rover_msgs__rosidl_typesupport_fastrtps_cppExport.cmake
[9.290s] -- Installing: /home/omer/GitHub/yurur_sistem/ros2_ws/install/rover_msgs/share/rover_msgs/cmake/export_rover_msgs__rosidl_typesupport_fastrtps_cppExport-noconfig.cmake
[9.291s] -- Installing: /home/omer/GitHub/yurur_sistem/ros2_ws/install/rover_msgs/share/rover_msgs/cmake/rover_msgs__rosidl_typesupport_introspection_cExport.cmake
[9.291s] -- Installing: /home/omer/GitHub/yurur_sistem/ros2_ws/install/rover_msgs/share/rover_msgs/cmake/rover_msgs__rosidl_typesupport_introspection_cExport-noconfig.cmake
[9.291s] -- Installing: /home/omer/GitHub/yurur_sistem/ros2_ws/install/rover_msgs/share/rover_msgs/cmake/rover_msgs__rosidl_typesupport_cExport.cmake
[9.292s] -- Installing: /home/omer/GitHub/yurur_sistem/ros2_ws/install/rover_msgs/share/rover_msgs/cmake/rover_msgs__rosidl_typesupport_cExport-noconfig.cmake
[9.292s] -- Installing: /home/omer/GitHub/yurur_sistem/ros2_ws/install/rover_msgs/share/rover_msgs/cmake/rover_msgs__rosidl_typesupport_introspection_cppExport.cmake
[9.292s] -- Installing: /home/omer/GitHub/yurur_sistem/ros2_ws/install/rover_msgs/share/rover_msgs/cmake/rover_msgs__rosidl_typesupport_introspection_cppExport-noconfig.cmake
[9.293s] -- Installing: /home/omer/GitHub/yurur_sistem/ros2_ws/install/rover_msgs/share/rover_msgs/cmake/rover_msgs__rosidl_typesupport_cppExport.cmake
[9.293s] -- Installing: /home/omer/GitHub/yurur_sistem/ros2_ws/install/rover_msgs/share/rover_msgs/cmake/rover_msgs__rosidl_typesupport_cppExport-noconfig.cmake
[9.293s] -- Installing: /home/omer/GitHub/yurur_sistem/ros2_ws/install/rover_msgs/share/rover_msgs/cmake/export_rover_msgs__rosidl_generator_pyExport.cmake
[9.294s] -- Installing: /home/omer/GitHub/yurur_sistem/ros2_ws/install/rover_msgs/share/rover_msgs/cmake/export_rover_msgs__rosidl_generator_pyExport-noconfig.cmake
[9.294s] -- Installing: /home/omer/GitHub/yurur_sistem/ros2_ws/install/rover_msgs/share/rover_msgs/cmake/rosidl_cmake-extras.cmake
[9.294s] -- Installing: /home/omer/GitHub/yurur_sistem/ros2_ws/install/rover_msgs/share/rover_msgs/cmake/ament_cmake_export_dependencies-extras.cmake
[9.294s] -- Installing: /home/omer/GitHub/yurur_sistem/ros2_ws/install/rover_msgs/share/rover_msgs/cmake/ament_cmake_export_include_directories-extras.cmake
[9.295s] -- Installing: /home/omer/GitHub/yurur_sistem/ros2_ws/install/rover_msgs/share/rover_msgs/cmake/ament_cmake_export_libraries-extras.cmake
[9.295s] -- Installing: /home/omer/GitHub/yurur_sistem/ros2_ws/install/rover_msgs/share/rover_msgs/cmake/ament_cmake_export_targets-extras.cmake
[9.295s] -- Installing: /home/omer/GitHub/yurur_sistem/ros2_ws/install/rover_msgs/share/rover_msgs/cmake/rosidl_cmake_export_typesupport_targets-extras.cmake
[9.295s] -- Installing: /home/omer/GitHub/yurur_sistem/ros2_ws/install/rover_msgs/share/rover_msgs/cmake/rosidl_cmake_export_typesupport_libraries-extras.cmake
[9.296s] -- Installing: /home/omer/GitHub/yurur_sistem/ros2_ws/install/rover_msgs/share/rover_msgs/cmake/rover_msgsConfig.cmake
[9.296s] -- Installing: /home/omer/GitHub/yurur_sistem/ros2_ws/install/rover_msgs/share/rover_msgs/cmake/rover_msgsConfig-version.cmake
[9.296s] -- Installing: /home/omer/GitHub/yurur_sistem/ros2_ws/install/rover_msgs/share/rover_msgs/package.xml
[9.300s] Invoked command in '/home/omer/GitHub/yurur_sistem/ros2_ws/build/rover_msgs' returned '0': CMAKE_PREFIX_PATH=${CMAKE_PREFIX_PATH}:/home/omer/ros2_ws/install/motor_kontrol:/home/omer/ros2_ws/install/camera:/home/omer/ros2_ws/install/SLAM:/home/omer/microros_ws/install/sensor_msgs_py:/opt/ros/humble /usr/bin/cmake --install /home/omer/GitHub/yurur_sistem/ros2_ws/build/rover_msgs
